<?xml version="1.0" encoding="UTF-8"?>
<!-- Generated by org.testng.reporters.JUnitReportReporter -->
<testsuite hostname="DESKTOP-L36UF7O" failures="0" tests="1" name="test.BaseTest" time="5.261" errors="0" timestamp="2025-03-25T22:49:28 EDT" skipped="0">
  <testcase classname="test.BaseTest" name="launchApp" time="5.261"/>
  <system-out/>
</testsuite> <!-- test.BaseTest -->
