<?xml version="1.0" encoding="UTF-8"?>
<!-- Generated by org.testng.reporters.JUnitReportReporter -->
<testsuite hostname="DESKTOP-L36UF7O" failures="0" tests="2" name="solodroid.AppiumDemo" time="0.036" errors="1" timestamp="2025-03-25T16:41:48 EDT" skipped="1">
  <testcase classname="solodroid.AppiumDemo" name="startUp" time="0.036">
    <error message="The main Appium script does not exist at &#039;C:\C\Users\mahen\AppData\Roaming\npm\node_modules\appium\build\lib\main.js&#039;" type="io.appium.java_client.service.local.InvalidServerInstanceException">
      <![CDATA[io.appium.java_client.service.local.InvalidServerInstanceException: The main Appium script does not exist at 'C:\C\Users\mahen\AppData\Roaming\npm\node_modules\appium\build\lib\main.js'
at io.appium.java_client.service.local.AppiumServiceBuilder.validatePath(AppiumServiceBuilder.java:130)
at io.appium.java_client.service.local.AppiumServiceBuilder.loadPathToMainScript(AppiumServiceBuilder.java:294)
at io.appium.java_client.service.local.AppiumServiceBuilder.createArgs(AppiumServiceBuilder.java:361)
at org.openqa.selenium.remote.service.DriverService$Builder.build(DriverService.java:513)
at solodroid.AppiumDemo.startUp(AppiumDemo.java:26)
at java.base/jdk.internal.reflect.NativeMethodAccessorImpl.invoke0(Native Method)
at java.base/jdk.internal.reflect.NativeMethodAccessorImpl.invoke(NativeMethodAccessorImpl.java:77)
at java.base/jdk.internal.reflect.DelegatingMethodAccessorImpl.invoke(DelegatingMethodAccessorImpl.java:43)
at java.base/java.lang.reflect.Method.invoke(Method.java:568)
at org.testng.internal.invokers.MethodInvocationHelper.invokeMethod(MethodInvocationHelper.java:136)
at org.testng.internal.invokers.MethodInvocationHelper.invokeMethodConsideringTimeout(MethodInvocationHelper.java:65)
at org.testng.internal.invokers.ConfigInvoker.invokeConfigurationMethod(ConfigInvoker.java:381)
at org.testng.internal.invokers.ConfigInvoker.invokeConfigurations(ConfigInvoker.java:319)
at org.testng.TestRunner.invokeTestConfigurations(TestRunner.java:645)
at org.testng.TestRunner.beforeRun(TestRunner.java:634)
at org.testng.TestRunner.run(TestRunner.java:596)
at org.testng.SuiteRunner.runTest(SuiteRunner.java:429)
at org.testng.SuiteRunner.runSequentially(SuiteRunner.java:423)
at org.testng.SuiteRunner.privateRun(SuiteRunner.java:383)
at org.testng.SuiteRunner.run(SuiteRunner.java:326)
at org.testng.SuiteRunnerWorker.runSuite(SuiteRunnerWorker.java:52)
at org.testng.SuiteRunnerWorker.run(SuiteRunnerWorker.java:95)
at org.testng.TestNG.runSuitesSequentially(TestNG.java:1249)
at org.testng.TestNG.runSuitesLocally(TestNG.java:1169)
at org.testng.TestNG.runSuites(TestNG.java:1092)
at org.testng.TestNG.run(TestNG.java:1060)
at org.testng.remote.AbstractRemoteTestNG.run(AbstractRemoteTestNG.java:115)
at org.testng.remote.RemoteTestNG.initAndRun(RemoteTestNG.java:293)
at org.testng.remote.RemoteTestNG.main(RemoteTestNG.java:91)
]]>
    </error>
  </testcase> <!-- startUp -->
  <system-out/>
  <testcase classname="solodroid.AppiumDemo" name="launchApp" time="0.000">
    <skipped/>
  </testcase> <!-- launchApp -->
  <system-out/>
</testsuite> <!-- solodroid.AppiumDemo -->
